Arguments: 
  /usr/bin/node /usr/share/yarn/bin/yarn.js add events perf_hooks @types/events @types/perf_hooks

PATH: 
  /usr/local/sbin:/usr/local/bin:/usr/sbin:/usr/bin:/sbin:/bin:/usr/games:/usr/local/games:/snap/bin

Yarn version: 
  1.22.5

Node version: 
  14.13.1

Platform: 
  linux x64

Trace: 
  Error: https://registry.yarnpkg.com/@types%2fperf_hooks: Not found
      at Request.params.callback [as _callback] (/usr/share/yarn/lib/cli.js:66988:18)
      at Request.self.callback (/usr/share/yarn/lib/cli.js:140749:22)
      at Request.emit (events.js:314:20)
      at Request.<anonymous> (/usr/share/yarn/lib/cli.js:141721:10)
      at Request.emit (events.js:314:20)
      at IncomingMessage.<anonymous> (/usr/share/yarn/lib/cli.js:141643:12)
      at Object.onceWrapper (events.js:420:28)
      at IncomingMessage.emit (events.js:326:22)
      at endReadableNT (_stream_readable.js:1252:12)
      at processTicksAndRejections (internal/process/task_queues.js:80:21)

npm manifest: 
  {
  	"name": "simple-scheduler-task",
  	"version": "3.0.1",
  	"description": "Simple module for easy work with task scheduling",
  	"main": "./lib/cjs/main.js",
  	"module": "./lib/main.js",
  	"repository": "https://github.com/RusAnonym/simple-scheduler-task",
  	"author": "RusAnonym",
  	"license": "MIT",
  	"directories": {
  		"lib": "lib"
  	},
  	"scripts": {
  		"tsc": "tsc -p tsconfig.json && tsc -p tsconfig-cjs.json",
  		"prepublish": "npm run tsc"
  	},
  	"files": [
  		"lib/"
  	],
  	"devDependencies": {
  		"typescript": "^4.0.3"
  	},
  	"dependencies": {
  		"@types/node": "^14.11.8"
  	}
  }

yarn manifest: 
  No manifest

Lockfile: 
  # THIS IS AN AUTOGENERATED FILE. DO NOT EDIT THIS FILE DIRECTLY.
  # yarn lockfile v1
  
  
  "@types/node@^14.11.8":
    version "14.11.8"
    resolved "https://registry.yarnpkg.com/@types/node/-/node-14.11.8.tgz#fe2012f2355e4ce08bca44aeb3abbb21cf88d33f"
    integrity sha512-KPcKqKm5UKDkaYPTuXSx8wEP7vE9GnuaXIZKijwRYcePpZFDVuy2a57LarFKiORbHOuTOOwYzxVxcUzsh2P2Pw==
  
  typescript@^4.0.3:
    version "4.0.3"
    resolved "https://registry.yarnpkg.com/typescript/-/typescript-4.0.3.tgz#153bbd468ef07725c1df9c77e8b453f8d36abba5"
    integrity sha512-tEu6DGxGgRJPb/mVPIZ48e69xCn2yRmCgYmDugAVwmJ6o+0u1RI18eO7E7WBTLYLaEVVOhwQmcdhQHweux/WPg==
